02/01/2020 04:03:30 AM - PIL.PngImagePlugin - DEBUG - STREAM b'IHDR' 16 13
02/01/2020 04:03:30 AM - PIL.PngImagePlugin - DEBUG - STREAM b'iCCP' 41 6186
02/01/2020 04:03:30 AM - PIL.PngImagePlugin - DEBUG - iCCP profile name b'ICC Profile'
02/01/2020 04:03:30 AM - PIL.PngImagePlugin - DEBUG - Compression method 0
02/01/2020 04:03:30 AM - PIL.PngImagePlugin - DEBUG - STREAM b'iTXt' 6239 414
02/01/2020 04:03:30 AM - PIL.PngImagePlugin - DEBUG - STREAM b'IDAT' 6665 16384
02/01/2020 04:03:30 AM - PIL.PngImagePlugin - DEBUG - STREAM b'IHDR' 16 13
02/01/2020 04:03:30 AM - PIL.PngImagePlugin - DEBUG - STREAM b'iCCP' 41 6186
02/01/2020 04:03:30 AM - PIL.PngImagePlugin - DEBUG - iCCP profile name b'ICC Profile'
02/01/2020 04:03:30 AM - PIL.PngImagePlugin - DEBUG - Compression method 0
02/01/2020 04:03:30 AM - PIL.PngImagePlugin - DEBUG - STREAM b'iTXt' 6239 414
02/01/2020 04:03:30 AM - PIL.PngImagePlugin - DEBUG - STREAM b'IDAT' 6665 16384
02/01/2020 12:39:56 PM - PIL.PngImagePlugin - DEBUG - STREAM b'IHDR' 16 13
02/01/2020 12:39:56 PM - PIL.PngImagePlugin - DEBUG - STREAM b'gAMA' 41 4
02/01/2020 12:39:56 PM - PIL.PngImagePlugin - DEBUG - STREAM b'cHRM' 57 32
02/01/2020 12:39:56 PM - PIL.PngImagePlugin - DEBUG - STREAM b'pHYs' 101 9
02/01/2020 12:39:56 PM - PIL.PngImagePlugin - DEBUG - STREAM b'iTXt' 122 469
02/01/2020 12:39:56 PM - PIL.PngImagePlugin - DEBUG - STREAM b'IDAT' 603 5055
02/01/2020 12:39:56 PM - PIL.PngImagePlugin - DEBUG - STREAM b'IHDR' 16 13
02/01/2020 12:39:56 PM - PIL.PngImagePlugin - DEBUG - STREAM b'gAMA' 41 4
02/01/2020 12:39:56 PM - PIL.PngImagePlugin - DEBUG - STREAM b'cHRM' 57 32
02/01/2020 12:39:56 PM - PIL.PngImagePlugin - DEBUG - STREAM b'pHYs' 101 9
02/01/2020 12:39:56 PM - PIL.PngImagePlugin - DEBUG - STREAM b'iTXt' 122 469
02/01/2020 12:39:56 PM - PIL.PngImagePlugin - DEBUG - STREAM b'IDAT' 603 5055
02/01/2020 12:41:14 PM - PIL.PngImagePlugin - DEBUG - STREAM b'IHDR' 16 13
02/01/2020 12:41:14 PM - PIL.PngImagePlugin - DEBUG - STREAM b'iCCP' 41 6186
02/01/2020 12:41:14 PM - PIL.PngImagePlugin - DEBUG - iCCP profile name b'ICC Profile'
02/01/2020 12:41:14 PM - PIL.PngImagePlugin - DEBUG - Compression method 0
02/01/2020 12:41:14 PM - PIL.PngImagePlugin - DEBUG - STREAM b'iTXt' 6239 414
02/01/2020 12:41:14 PM - PIL.PngImagePlugin - DEBUG - STREAM b'IDAT' 6665 16384
02/01/2020 12:41:14 PM - PIL.PngImagePlugin - DEBUG - STREAM b'IHDR' 16 13
02/01/2020 12:41:14 PM - PIL.PngImagePlugin - DEBUG - STREAM b'iCCP' 41 6186
02/01/2020 12:41:14 PM - PIL.PngImagePlugin - DEBUG - iCCP profile name b'ICC Profile'
02/01/2020 12:41:14 PM - PIL.PngImagePlugin - DEBUG - Compression method 0
02/01/2020 12:41:14 PM - PIL.PngImagePlugin - DEBUG - STREAM b'iTXt' 6239 414
02/01/2020 12:41:14 PM - PIL.PngImagePlugin - DEBUG - STREAM b'IDAT' 6665 16384
02/01/2020 12:41:54 PM - PIL.PngImagePlugin - DEBUG - STREAM b'IHDR' 16 13
02/01/2020 12:41:54 PM - PIL.PngImagePlugin - DEBUG - STREAM b'gAMA' 41 4
02/01/2020 12:41:54 PM - PIL.PngImagePlugin - DEBUG - STREAM b'cHRM' 57 32
02/01/2020 12:41:54 PM - PIL.PngImagePlugin - DEBUG - STREAM b'pHYs' 101 9
02/01/2020 12:41:54 PM - PIL.PngImagePlugin - DEBUG - STREAM b'iTXt' 122 469
02/01/2020 12:41:54 PM - PIL.PngImagePlugin - DEBUG - STREAM b'IDAT' 603 5055
02/01/2020 12:41:54 PM - PIL.PngImagePlugin - DEBUG - STREAM b'IHDR' 16 13
02/01/2020 12:41:54 PM - PIL.PngImagePlugin - DEBUG - STREAM b'gAMA' 41 4
02/01/2020 12:41:54 PM - PIL.PngImagePlugin - DEBUG - STREAM b'cHRM' 57 32
02/01/2020 12:41:54 PM - PIL.PngImagePlugin - DEBUG - STREAM b'pHYs' 101 9
02/01/2020 12:41:54 PM - PIL.PngImagePlugin - DEBUG - STREAM b'iTXt' 122 469
02/01/2020 12:41:54 PM - PIL.PngImagePlugin - DEBUG - STREAM b'IDAT' 603 5055
02/01/2020 12:42:23 PM - PIL.PngImagePlugin - DEBUG - STREAM b'IHDR' 16 13
02/01/2020 12:42:23 PM - PIL.PngImagePlugin - DEBUG - STREAM b'gAMA' 41 4
02/01/2020 12:42:23 PM - PIL.PngImagePlugin - DEBUG - STREAM b'cHRM' 57 32
02/01/2020 12:42:23 PM - PIL.PngImagePlugin - DEBUG - STREAM b'pHYs' 101 9
02/01/2020 12:42:23 PM - PIL.PngImagePlugin - DEBUG - STREAM b'iTXt' 122 469
02/01/2020 12:42:23 PM - PIL.PngImagePlugin - DEBUG - STREAM b'IDAT' 603 5055
02/01/2020 12:42:23 PM - PIL.PngImagePlugin - DEBUG - STREAM b'IHDR' 16 13
02/01/2020 12:42:23 PM - PIL.PngImagePlugin - DEBUG - STREAM b'gAMA' 41 4
02/01/2020 12:42:23 PM - PIL.PngImagePlugin - DEBUG - STREAM b'cHRM' 57 32
02/01/2020 12:42:23 PM - PIL.PngImagePlugin - DEBUG - STREAM b'pHYs' 101 9
02/01/2020 12:42:23 PM - PIL.PngImagePlugin - DEBUG - STREAM b'iTXt' 122 469
02/01/2020 12:42:23 PM - PIL.PngImagePlugin - DEBUG - STREAM b'IDAT' 603 5055
02/01/2020 12:42:34 PM - PIL.PngImagePlugin - DEBUG - STREAM b'IHDR' 16 13
02/01/2020 12:42:34 PM - PIL.PngImagePlugin - DEBUG - STREAM b'gAMA' 41 4
02/01/2020 12:42:34 PM - PIL.PngImagePlugin - DEBUG - STREAM b'cHRM' 57 32
02/01/2020 12:42:34 PM - PIL.PngImagePlugin - DEBUG - STREAM b'pHYs' 101 9
02/01/2020 12:42:34 PM - PIL.PngImagePlugin - DEBUG - STREAM b'iTXt' 122 469
02/01/2020 12:42:34 PM - PIL.PngImagePlugin - DEBUG - STREAM b'IDAT' 603 5055
02/01/2020 12:42:34 PM - PIL.PngImagePlugin - DEBUG - STREAM b'IHDR' 16 13
02/01/2020 12:42:34 PM - PIL.PngImagePlugin - DEBUG - STREAM b'gAMA' 41 4
02/01/2020 12:42:34 PM - PIL.PngImagePlugin - DEBUG - STREAM b'cHRM' 57 32
02/01/2020 12:42:34 PM - PIL.PngImagePlugin - DEBUG - STREAM b'pHYs' 101 9
02/01/2020 12:42:34 PM - PIL.PngImagePlugin - DEBUG - STREAM b'iTXt' 122 469
02/01/2020 12:42:34 PM - PIL.PngImagePlugin - DEBUG - STREAM b'IDAT' 603 5055
02/01/2020 12:43:18 PM - PIL.PngImagePlugin - DEBUG - STREAM b'IHDR' 16 13
02/01/2020 12:43:18 PM - PIL.PngImagePlugin - DEBUG - STREAM b'gAMA' 41 4
02/01/2020 12:43:18 PM - PIL.PngImagePlugin - DEBUG - STREAM b'cHRM' 57 32
02/01/2020 12:43:18 PM - PIL.PngImagePlugin - DEBUG - STREAM b'pHYs' 101 9
02/01/2020 12:43:18 PM - PIL.PngImagePlugin - DEBUG - STREAM b'iTXt' 122 469
02/01/2020 12:43:18 PM - PIL.PngImagePlugin - DEBUG - STREAM b'IDAT' 603 5055
02/01/2020 12:43:18 PM - PIL.PngImagePlugin - DEBUG - STREAM b'IHDR' 16 13
02/01/2020 12:43:18 PM - PIL.PngImagePlugin - DEBUG - STREAM b'gAMA' 41 4
02/01/2020 12:43:18 PM - PIL.PngImagePlugin - DEBUG - STREAM b'cHRM' 57 32
02/01/2020 12:43:18 PM - PIL.PngImagePlugin - DEBUG - STREAM b'pHYs' 101 9
02/01/2020 12:43:18 PM - PIL.PngImagePlugin - DEBUG - STREAM b'iTXt' 122 469
02/01/2020 12:43:18 PM - PIL.PngImagePlugin - DEBUG - STREAM b'IDAT' 603 5055
